Copyright 1986-2022 Xilinx, Inc. All Rights Reserved. Copyright 2022-2023 Advanced Micro Devices, Inc. All Rights Reserved.
---------------------------------------------------------------------------------------------------------------------------------------------
| Tool Version : Vivado v.2023.2 (win64) Build 4029153 Fri Oct 13 20:14:34 MDT 2023
| Date         : Fri Jun 14 17:13:43 2024
| Host         : NP running 64-bit major release  (build 9200)
| Command      : report_control_sets -verbose -file page_debug_top_control_sets_placed.rpt
| Design       : page_debug_top
| Device       : xc7k160t
---------------------------------------------------------------------------------------------------------------------------------------------

Control Set Information

Table of Contents
-----------------
1. Summary
2. Histogram
3. Flip-Flop Distribution
4. Detailed Control Set Information

1. Summary
----------

+----------------------------------------------------------+-------+
|                          Status                          | Count |
+----------------------------------------------------------+-------+
| Total control sets                                       |    44 |
|    Minimum number of control sets                        |    44 |
|    Addition due to synthesis replication                 |     0 |
|    Addition due to physical synthesis replication        |     0 |
| Unused register locations in slices containing registers |   180 |
+----------------------------------------------------------+-------+
* Control sets can be merged at opt_design using control_set_merge or merge_equivalent_drivers
** Run report_qor_suggestions for automated merging and remapping suggestions


2. Histogram
------------

+--------------------+-------+
|       Fanout       | Count |
+--------------------+-------+
| Total control sets |    44 |
| >= 0 to < 4        |     1 |
| >= 4 to < 6        |    35 |
| >= 6 to < 8        |     0 |
| >= 8 to < 10       |     0 |
| >= 10 to < 12      |     3 |
| >= 12 to < 14      |     1 |
| >= 14 to < 16      |     0 |
| >= 16              |     4 |
+--------------------+-------+
* Control sets can be remapped at either synth_design or opt_design


3. Flip-Flop Distribution
-------------------------

+--------------+-----------------------+------------------------+-----------------+--------------+
| Clock Enable | Synchronous Set/Reset | Asynchronous Set/Reset | Total Registers | Total Slices |
+--------------+-----------------------+------------------------+-----------------+--------------+
| No           | No                    | No                     |             171 |           57 |
| No           | No                    | Yes                    |              33 |           10 |
| No           | Yes                   | No                     |              22 |            8 |
| Yes          | No                    | No                     |             128 |           33 |
| Yes          | No                    | Yes                    |              10 |            4 |
| Yes          | Yes                   | No                     |               0 |            0 |
+--------------+-----------------------+------------------------+-----------------+--------------+


4. Detailed Control Set Information
-----------------------------------

+-----------------------------------+--------------------------------------+-----------------------------+------------------+----------------+--------------+
|            Clock Signal           |             Enable Signal            |       Set/Reset Signal      | Slice Load Count | Bel Load Count | Bels / Slice |
+-----------------------------------+--------------------------------------+-----------------------------+------------------+----------------+--------------+
|  mat_key_inst/btn_reg[0]_0[0]     |                                      |                             |                1 |              2 |         2.00 |
| ~mat_key_inst/btns_pending[0][15] |                                      |                             |                2 |              4 |         2.00 |
| ~mat_key_inst/btns_pending[0][0]  |                                      |                             |                2 |              4 |         2.00 |
| ~mat_key_inst/btns_pending[0][1]  |                                      |                             |                1 |              4 |         4.00 |
| ~mat_key_inst/btns_pending[2][0]  |                                      |                             |                2 |              4 |         2.00 |
| ~mat_key_inst/btns_pending[2][15] |                                      |                             |                1 |              4 |         4.00 |
| ~mat_key_inst/btns_pending[0][5]  |                                      |                             |                1 |              4 |         4.00 |
| ~mat_key_inst/btns_pending[2][4]  |                                      |                             |                1 |              4 |         4.00 |
|  counter_BUFG[10]                 | mat_key_inst/status[0][3]_i_1_n_0    |                             |                1 |              4 |         4.00 |
|  counter_BUFG[10]                 | mat_key_inst/status[1][3]_i_1_n_0    |                             |                2 |              4 |         2.00 |
|  counter_BUFG[10]                 | mat_key_inst/status[2][3]_i_1_n_0    |                             |                2 |              4 |         2.00 |
| ~mat_key_inst/btns_pending[0][8]  |                                      |                             |                1 |              4 |         4.00 |
| ~mat_key_inst/btns_pending[0][10] |                                      |                             |                1 |              4 |         4.00 |
| ~mat_key_inst/btns_pending[2][6]  |                                      |                             |                1 |              4 |         4.00 |
| ~mat_key_inst/btns_pending[2][3]  |                                      |                             |                1 |              4 |         4.00 |
| ~mat_key_inst/btns_pending[0][14] |                                      |                             |                2 |              4 |         2.00 |
| ~mat_key_inst/btns_pending[0][2]  |                                      |                             |                1 |              4 |         4.00 |
| ~mat_key_inst/btns_pending[0][4]  |                                      |                             |                1 |              4 |         4.00 |
| ~mat_key_inst/btns_pending[0][6]  |                                      |                             |                1 |              4 |         4.00 |
| ~mat_key_inst/btns_pending[2][1]  |                                      |                             |                1 |              4 |         4.00 |
| ~mat_key_inst/btns_pending[2][9]  |                                      |                             |                1 |              4 |         4.00 |
| ~mat_key_inst/btns_pending[0][3]  |                                      |                             |                2 |              4 |         2.00 |
| ~mat_key_inst/btns_pending[2][13] |                                      |                             |                1 |              4 |         4.00 |
| ~mat_key_inst/btns_pending[0][9]  |                                      |                             |                2 |              4 |         2.00 |
| ~mat_key_inst/btns_pending[2][7]  |                                      |                             |                1 |              4 |         4.00 |
| ~mat_key_inst/btns_pending[2][10] |                                      |                             |                1 |              4 |         4.00 |
| ~mat_key_inst/btns_pending[2][12] |                                      |                             |                1 |              4 |         4.00 |
| ~mat_key_inst/btns_pending[0][7]  |                                      |                             |                1 |              4 |         4.00 |
| ~mat_key_inst/btns_pending[0][12] |                                      |                             |                1 |              4 |         4.00 |
| ~mat_key_inst/btns_pending[2][11] |                                      |                             |                1 |              4 |         4.00 |
| ~mat_key_inst/btns_pending[2][8]  |                                      |                             |                1 |              4 |         4.00 |
| ~mat_key_inst/btns_pending[2][14] |                                      |                             |                1 |              4 |         4.00 |
| ~mat_key_inst/btns_pending[0][11] |                                      |                             |                1 |              4 |         4.00 |
| ~mat_key_inst/btns_pending[2][2]  |                                      |                             |                2 |              4 |         2.00 |
| ~mat_key_inst/btns_pending[0][13] |                                      |                             |                1 |              4 |         4.00 |
| ~mat_key_inst/btns_pending[2][5]  |                                      |                             |                2 |              4 |         2.00 |
|  counter_BUFG[1]                  |                                      | vga_inst/h_count[9]_i_1_n_0 |                3 |             10 |         3.33 |
|  counter_BUFG[1]                  | vga_inst/v_count                     | sys_rst_IBUF                |                4 |             10 |         2.50 |
|  sys_clk_IBUF_BUFG                |                                      | sys_rst_IBUF                |                3 |             11 |         3.67 |
|  counter_BUFG[1]                  |                                      | vga_inst/read_pixel_reg_n_0 |                5 |             12 |         2.40 |
|  counter_BUFG[10]                 |                                      |                             |               11 |             20 |         1.82 |
|  counter_BUFG[1]                  |                                      |                             |                5 |             21 |         4.20 |
|  counter_BUFG[1]                  |                                      | sys_rst_IBUF                |                7 |             22 |         3.14 |
|  counter_BUFG[10]                 | mat_key_inst/buffer[0][0][6]_i_1_n_0 |                             |               28 |            116 |         4.14 |
+-----------------------------------+--------------------------------------+-----------------------------+------------------+----------------+--------------+


